c:\users\11256\desktop\github\沈坚\面向对象\21221-900001-w0401.大作业模板的使用说明及提交要求（适用于本学期所有大作业）\21221-900001-w0401.大作业模板的使用说明及提交要求（适用于本学期所有大作业）\bighw\90-02-b3\debug\vc142.pdb
c:\users\11256\desktop\github\沈坚\面向对象\21221-900001-w0401.大作业模板的使用说明及提交要求（适用于本学期所有大作业）\21221-900001-w0401.大作业模板的使用说明及提交要求（适用于本学期所有大作业）\bighw\90-02-b3\debug\vc142.idb
c:\users\11256\desktop\github\沈坚\面向对象\21221-900001-w0401.大作业模板的使用说明及提交要求（适用于本学期所有大作业）\21221-900001-w0401.大作业模板的使用说明及提交要求（适用于本学期所有大作业）\bighw\90-02-b3\debug\test_hdc.obj
c:\users\11256\desktop\github\沈坚\面向对象\21221-900001-w0401.大作业模板的使用说明及提交要求（适用于本学期所有大作业）\21221-900001-w0401.大作业模板的使用说明及提交要求（适用于本学期所有大作业）\bighw\90-02-b3\debug\test_draw_peppapig.obj
c:\users\11256\desktop\github\沈坚\面向对象\21221-900001-w0401.大作业模板的使用说明及提交要求（适用于本学期所有大作业）\21221-900001-w0401.大作业模板的使用说明及提交要求（适用于本学期所有大作业）\bighw\90-02-b3\debug\hdc_1953977_math.obj
c:\users\11256\desktop\github\沈坚\面向对象\21221-900001-w0401.大作业模板的使用说明及提交要求（适用于本学期所有大作业）\21221-900001-w0401.大作业模板的使用说明及提交要求（适用于本学期所有大作业）\bighw\90-02-b3\debug\hdc_1953977_cartoon.obj
c:\users\11256\desktop\github\沈坚\面向对象\21221-900001-w0401.大作业模板的使用说明及提交要求（适用于本学期所有大作业）\21221-900001-w0401.大作业模板的使用说明及提交要求（适用于本学期所有大作业）\bighw\90-02-b3\debug\hdc_1952640_math.obj
c:\users\11256\desktop\github\沈坚\面向对象\21221-900001-w0401.大作业模板的使用说明及提交要求（适用于本学期所有大作业）\21221-900001-w0401.大作业模板的使用说明及提交要求（适用于本学期所有大作业）\bighw\90-02-b3\debug\hdc_1952640_cartoon.obj
c:\users\11256\desktop\github\沈坚\面向对象\21221-900001-w0401.大作业模板的使用说明及提交要求（适用于本学期所有大作业）\21221-900001-w0401.大作业模板的使用说明及提交要求（适用于本学期所有大作业）\bighw\90-02-b3\debug\hdc_1952033_math.obj
c:\users\11256\desktop\github\沈坚\面向对象\21221-900001-w0401.大作业模板的使用说明及提交要求（适用于本学期所有大作业）\21221-900001-w0401.大作业模板的使用说明及提交要求（适用于本学期所有大作业）\bighw\90-02-b3\debug\hdc_1952033_cartoon.obj
c:\users\11256\desktop\github\沈坚\面向对象\21221-900001-w0401.大作业模板的使用说明及提交要求（适用于本学期所有大作业）\21221-900001-w0401.大作业模板的使用说明及提交要求（适用于本学期所有大作业）\bighw\90-02-b3\debug\hdc_1854082_math.obj
c:\users\11256\desktop\github\沈坚\面向对象\21221-900001-w0401.大作业模板的使用说明及提交要求（适用于本学期所有大作业）\21221-900001-w0401.大作业模板的使用说明及提交要求（适用于本学期所有大作业）\bighw\90-02-b3\debug\hdc_1854082_cartoon.obj
c:\users\11256\desktop\github\沈坚\面向对象\21221-900001-w0401.大作业模板的使用说明及提交要求（适用于本学期所有大作业）\21221-900001-w0401.大作业模板的使用说明及提交要求（适用于本学期所有大作业）\bighw\90-02-b3\debug\hdc_1851746_math.obj
c:\users\11256\desktop\github\沈坚\面向对象\21221-900001-w0401.大作业模板的使用说明及提交要求（适用于本学期所有大作业）\21221-900001-w0401.大作业模板的使用说明及提交要求（适用于本学期所有大作业）\bighw\90-02-b3\debug\hdc_1851746_cartoon.obj
c:\users\11256\desktop\github\沈坚\面向对象\21221-900001-w0401.大作业模板的使用说明及提交要求（适用于本学期所有大作业）\21221-900001-w0401.大作业模板的使用说明及提交要求（适用于本学期所有大作业）\bighw\90-02-b3\debug\hdc_1752846_math.obj
c:\users\11256\desktop\github\沈坚\面向对象\21221-900001-w0401.大作业模板的使用说明及提交要求（适用于本学期所有大作业）\21221-900001-w0401.大作业模板的使用说明及提交要求（适用于本学期所有大作业）\bighw\90-02-b3\debug\hdc_1752846_cartoon.obj
c:\users\11256\desktop\github\沈坚\面向对象\21221-900001-w0401.大作业模板的使用说明及提交要求（适用于本学期所有大作业）\21221-900001-w0401.大作业模板的使用说明及提交要求（适用于本学期所有大作业）\bighw\90-02-b3\debug\cmd_hdc_tools.obj
c:\users\11256\desktop\github\沈坚\面向对象\21221-900001-w0401.大作业模板的使用说明及提交要求（适用于本学期所有大作业）\21221-900001-w0401.大作业模板的使用说明及提交要求（适用于本学期所有大作业）\bighw\90-02-b3\debug\cmd_console_tools.obj
c:\users\11256\desktop\github\沈坚\面向对象\21221-900001-w0401.大作业模板的使用说明及提交要求（适用于本学期所有大作业）\21221-900001-w0401.大作业模板的使用说明及提交要求（适用于本学期所有大作业）\bighw\90-02-b3\debug\90-02-b3.ilk
c:\users\11256\desktop\github\沈坚\面向对象\21221-900001-w0401.大作业模板的使用说明及提交要求（适用于本学期所有大作业）\21221-900001-w0401.大作业模板的使用说明及提交要求（适用于本学期所有大作业）\bighw\debug\90-02-b3.exe
c:\users\11256\desktop\github\沈坚\面向对象\21221-900001-w0401.大作业模板的使用说明及提交要求（适用于本学期所有大作业）\21221-900001-w0401.大作业模板的使用说明及提交要求（适用于本学期所有大作业）\bighw\debug\90-02-b3.pdb
c:\users\11256\desktop\github\沈坚\面向对象\21221-900001-w0401.大作业模板的使用说明及提交要求（适用于本学期所有大作业）\21221-900001-w0401.大作业模板的使用说明及提交要求（适用于本学期所有大作业）\bighw\90-02-b3\debug\90-02-b3.tlog\cl.command.1.tlog
c:\users\11256\desktop\github\沈坚\面向对象\21221-900001-w0401.大作业模板的使用说明及提交要求（适用于本学期所有大作业）\21221-900001-w0401.大作业模板的使用说明及提交要求（适用于本学期所有大作业）\bighw\90-02-b3\debug\90-02-b3.tlog\cl.read.1.tlog
c:\users\11256\desktop\github\沈坚\面向对象\21221-900001-w0401.大作业模板的使用说明及提交要求（适用于本学期所有大作业）\21221-900001-w0401.大作业模板的使用说明及提交要求（适用于本学期所有大作业）\bighw\90-02-b3\debug\90-02-b3.tlog\cl.write.1.tlog
c:\users\11256\desktop\github\沈坚\面向对象\21221-900001-w0401.大作业模板的使用说明及提交要求（适用于本学期所有大作业）\21221-900001-w0401.大作业模板的使用说明及提交要求（适用于本学期所有大作业）\bighw\90-02-b3\debug\90-02-b3.tlog\link.command.1.tlog
c:\users\11256\desktop\github\沈坚\面向对象\21221-900001-w0401.大作业模板的使用说明及提交要求（适用于本学期所有大作业）\21221-900001-w0401.大作业模板的使用说明及提交要求（适用于本学期所有大作业）\bighw\90-02-b3\debug\90-02-b3.tlog\link.read.1.tlog
c:\users\11256\desktop\github\沈坚\面向对象\21221-900001-w0401.大作业模板的使用说明及提交要求（适用于本学期所有大作业）\21221-900001-w0401.大作业模板的使用说明及提交要求（适用于本学期所有大作业）\bighw\90-02-b3\debug\90-02-b3.tlog\link.write.1.tlog
